<?xml version="1.0" encoding="UTF-8"?>
<testsuite name="com.Eragoo.Lab1.ProductStoreTest" tests="2" skipped="0" failures="0" errors="0" timestamp="2021-02-20T12:57:50" hostname="MacBook-Pro-yevhenii.local" time="0.004">
  <properties/>
  <testcase name="Add element should return true" classname="com.Eragoo.Lab1.ProductStoreTest" time="0.002"/>
  <testcase name="Should return number of added elements" classname="com.Eragoo.Lab1.ProductStoreTest" time="0.001"/>
  <system-out><![CDATA[]]></system-out>
  <system-err><![CDATA[]]></system-err>
</testsuite>
