<?xml version="1.0" encoding="UTF-8"?>
<testsuite name="com.Eragoo.university.CalculatorTest" tests="6" skipped="0" failures="0" errors="0" timestamp="2024-01-06T14:42:29" hostname="Yevheniis-MBP.lan" time="0.018">
  <properties/>
  <testcase name="testAbs()" classname="com.Eragoo.university.CalculatorTest" time="0.01"/>
  <testcase name="testDiv()" classname="com.Eragoo.university.CalculatorTest" time="0.001"/>
  <testcase name="testMod()" classname="com.Eragoo.university.CalculatorTest" time="0.0"/>
  <testcase name="testSub()" classname="com.Eragoo.university.CalculatorTest" time="0.001"/>
  <testcase name="testCreateStack()" classname="com.Eragoo.university.CalculatorTest" time="0.001"/>
  <testcase name="testMult()" classname="com.Eragoo.university.CalculatorTest" time="0.0"/>
  <system-out><![CDATA[]]></system-out>
  <system-err><![CDATA[]]></system-err>
</testsuite>
